#
# A fatal error has been detected by the Java Runtime Environment:
#
#  Internal Error (safepoint.cpp:919), pid=2845, tid=35587
#  fatal error: Illegal threadstate encountered: 4
#
# JRE version: OpenJDK Runtime Environment Temurin-11.0.14.1+1 (11.0.14.1+1) (build 11.0.14.1+1)
# Java VM: OpenJDK 64-Bit Server VM Temurin-11.0.14.1+1 (11.0.14.1+1, mixed mode, tiered, compressed oops, g1 gc, bsd-amd64)
# No core dump will be written. Core dumps have been disabled. To enable core dumping, try "ulimit -c unlimited" before starting Java again
#
# If you would like to submit a bug report, please visit:
#   https://github.com/adoptium/adoptium-support/issues
# The crash happened outside the Java Virtual Machine in native code.
# See problematic frame for where to report the bug.
#

---------------  S U M M A R Y ------------

Command Line: -Dfile.encoding=UTF-8 it.polito.tdp.borders.Main

Host: MacBookPro14,1 x86_64 2300 MHz, 4 cores, 8G, Darwin 21.4.0
Time: Mon May 16 19:37:14 2022 CEST elapsed time: 8.443898 seconds (0d 0h 0m 8s)

---------------  T H R E A D  ---------------

Current thread (0x00007fa17a202800):  JavaThread "InvokeLaterDispatcher" daemon [_thread_in_native, id=35587, stack(0x000070000eea3000,0x000070000efa3000)]

Stack: [0x000070000eea3000,0x000070000efa3000],  sp=0x000070000efa12d0,  free space=1016k
Native frames: (J=compiled Java code, A=aot compiled Java code, j=interpreted, Vv=VM code, C=native code)
V  [libjvm.dylib+0x7c5ab3]  _ZN7VMError14report_and_dieEiPKcS1_P13__va_list_tagP6ThreadPhPvS7_S1_im+0x601
V  [libjvm.dylib+0x276985]  _Z12report_fatal11VMErrorTypePKciS1_z+0xc0
V  [libjvm.dylib+0x69bc15]  _ZN20SafepointSynchronize5blockEP10JavaThread+0x1d9
V  [libjvm.dylib+0x69d183]  _ZN18SafepointMechanism23block_if_requested_slowEP10JavaThread+0x1d
V  [libjvm.dylib+0x77e5c4]  _ZN10JavaThread44check_safepoint_and_suspend_for_native_transEPS_+0x9c
V  [libjvm.dylib+0x3f36ae]  jni_DeleteGlobalRef+0x93
C  [libglass.dylib+0x8871]  -[GlassRunnable dealloc]+0x31
C  [Foundation+0x81bee]  -[_NSThreadPerformInfo dealloc]+0x2a
C  [Foundation+0x4e496]  -[NSObject(NSThreadPerformAdditions) performSelectorOnMainThread:withObject:waitUntilDone:]+0x7c
j  com.sun.glass.ui.mac.MacApplication._submitForLaterInvocation(Ljava/lang/Runnable;)V+0
j  com.sun.glass.ui.mac.MacApplication.submitForLaterInvocation(Ljava/lang/Runnable;)V+2
j  com.sun.glass.ui.InvokeLaterDispatcher.run()V+82
v  ~StubRoutines::call_stub
V  [libjvm.dylib+0x3b7c22]  _ZN9JavaCalls11call_helperEP9JavaValueRK12methodHandleP17JavaCallArgumentsP6Thread+0x1fe
V  [libjvm.dylib+0x3b7088]  _ZN9JavaCalls12call_virtualEP9JavaValueP5KlassP6SymbolS5_P17JavaCallArgumentsP6Thread+0xee
V  [libjvm.dylib+0x3b7144]  _ZN9JavaCalls12call_virtualEP9JavaValue6HandleP5KlassP6SymbolS6_P6Thread+0x62
V  [libjvm.dylib+0x43dfce]  _ZL12thread_entryP10JavaThreadP6Thread+0x78
V  [libjvm.dylib+0x77d03c]  _ZN10JavaThread17thread_main_innerEv+0x82
V  [libjvm.dylib+0x77ce86]  _ZN10JavaThread3runEv+0x122
V  [libjvm.dylib+0x77ada0]  _ZN6Thread8call_runEv+0x68
V  [libjvm.dylib+0x6291d1]  _ZL19thread_native_entryP6Thread+0x139
C  [libsystem_pthread.dylib+0x64e1]  _pthread_start+0x7d
C  [libsystem_pthread.dylib+0x1f6b]  thread_start+0xf

Java frames: (J=compiled Java code, j=interpreted, Vv=VM code)
j  com.sun.glass.ui.mac.MacApplication._submitForLaterInvocation(Ljava/lang/Runnable;)V+0
j  com.sun.glass.ui.mac.MacApplication.submitForLaterInvocation(Ljava/lang/Runnable;)V+2
j  com.sun.glass.ui.InvokeLaterDispatcher.run()V+82
v  ~StubRoutines::call_stub

---------------  P R O C E S S  ---------------

Threads class SMR info:
_java_thread_list=0x0000600002a51280, length=17, elements={
0x00007fa17880c000, 0x00007fa17885a800, 0x00007fa17885b800, 0x00007fa179021000,
0x00007fa178863000, 0x00007fa178864000, 0x00007fa17a041800, 0x00007fa17a040800,
0x00007fa17a867800, 0x00007fa17888a800, 0x00007fa179189000, 0x00007fa17a202800,
0x00007fa178957000, 0x00007fa17a2f0800, 0x00007fa17a323000, 0x00007fa178bb6800,
0x00007fa178bdd000
}

Java Threads: ( => current thread )
  0x00007fa17880c000 JavaThread "main" [_thread_blocked, id=10243, stack(0x000070000db67000,0x000070000dc67000)]
  0x00007fa17885a800 JavaThread "Reference Handler" daemon [_thread_blocked, id=18691, stack(0x000070000e27c000,0x000070000e37c000)]
  0x00007fa17885b800 JavaThread "Finalizer" daemon [_thread_blocked, id=18179, stack(0x000070000e37f000,0x000070000e47f000)]
  0x00007fa179021000 JavaThread "Signal Dispatcher" daemon [_thread_blocked, id=15875, stack(0x000070000e588000,0x000070000e688000)]
  0x00007fa178863000 JavaThread "Service Thread" daemon [_thread_blocked, id=43267, stack(0x000070000e68b000,0x000070000e78b000)]
  0x00007fa178864000 JavaThread "C2 CompilerThread0" daemon [_thread_blocked, id=22275, stack(0x000070000e78e000,0x000070000e88e000)]
  0x00007fa17a041800 JavaThread "C1 CompilerThread0" daemon [_thread_blocked, id=22787, stack(0x000070000e891000,0x000070000e991000)]
  0x00007fa17a040800 JavaThread "Sweeper thread" daemon [_thread_blocked, id=41987, stack(0x000070000e994000,0x000070000ea94000)]
  0x00007fa17a867800 JavaThread "Common-Cleaner" daemon [_thread_blocked, id=40707, stack(0x000070000eb9a000,0x000070000ec9a000)]
  0x00007fa17888a800 JavaThread "JavaFX-Launcher" [_thread_blocked, id=23299, stack(0x000070000ec9d000,0x000070000ed9d000)]
  0x00007fa179189000 JavaThread "QuantumRenderer-0" daemon [_thread_blocked, id=23555, stack(0x000070000eda0000,0x000070000eea0000)]
=>0x00007fa17a202800 JavaThread "InvokeLaterDispatcher" daemon [_thread_in_native, id=35587, stack(0x000070000eea3000,0x000070000efa3000)]
  0x00007fa178957000 JavaThread "JavaFX Application Thread" [_thread_in_native_trans, id=259, stack(0x00007ff7b3f31000,0x00007ff7b4731000)]
  0x00007fa17a2f0800 JavaThread "Thread-3" daemon [_thread_in_native, id=83207, stack(0x000070000f029000,0x000070000f0a9000)]
  0x00007fa17a323000 JavaThread "HikariPool-1 housekeeper" daemon [_thread_blocked, id=36103, stack(0x000070000f53e000,0x000070000f63e000)]
  0x00007fa178bb6800 JavaThread "Prism Font Disposer" daemon [_thread_blocked, id=55307, stack(0x000070000f744000,0x000070000f844000)]
  0x00007fa178bdd000 JavaThread "Cleaner-0" daemon [_thread_blocked, id=60675, stack(0x000070000f847000,0x000070000f947000)]

Other Threads:
  0x00007fa17a042800 VMThread "VM Thread" [stack: 0x000070000e179000,0x000070000e279000] [id=14083]
  0x00007fa179072000 WatcherThread [stack: 0x000070000ea97000,0x000070000eb97000] [id=41475]
  0x00007fa17a818000 GCTaskThread "GC Thread#0" [stack: 0x000070000dc6a000,0x000070000dd6a000] [id=11779]
  0x00007fa17a9cf800 GCTaskThread "GC Thread#1" [stack: 0x000070000f1b2000,0x000070000f2b2000] [id=52999]
  0x00007fa178b09000 GCTaskThread "GC Thread#2" [stack: 0x000070000f2b5000,0x000070000f3b5000] [id=53507]
  0x00007fa17a2fd800 GCTaskThread "GC Thread#3" [stack: 0x000070000f3b8000,0x000070000f4b8000] [id=75779]
  0x00007fa178834800 ConcurrentGCThread "G1 Main Marker" [stack: 0x000070000dd6d000,0x000070000de6d000] [id=12291]
  0x00007fa178835000 ConcurrentGCThread "G1 Conc#0" [stack: 0x000070000de70000,0x000070000df70000] [id=20483]
  0x00007fa17a028000 ConcurrentGCThread "G1 Refine#0" [stack: 0x000070000df73000,0x000070000e073000] [id=12803]
  0x00007fa17a849000 ConcurrentGCThread "G1 Young RemSet Sampling" [stack: 0x000070000e076000,0x000070000e176000] [id=19715]

Threads with active compile tasks:

VM state:not at safepoint (normal execution)

VM Mutex/Monitor currently owned by a thread: None

Heap address: 0x0000000780000000, size: 2048 MB, Compressed Oops mode: Zero based, Oop shift amount: 3
Narrow klass base: 0x0000000800000000, Narrow klass shift: 0
Compressed class space size: 1073741824 Address: 0x0000000800000000

Heap:
 garbage-first heap   total 131072K, used 32092K [0x0000000780000000, 0x0000000800000000)
  region size 1024K, 26 young (26624K), 4 survivors (4096K)
 Metaspace       used 26747K, capacity 27674K, committed 27904K, reserved 1073152K
  class space    used 3333K, capacity 3737K, committed 3840K, reserved 1048576K
Heap Regions: E=young(eden), S=young(survivor), O=old, HS=humongous(starts), HC=humongous(continues), CS=collection set, F=free, A=archive, TAMS=top-at-mark-start (previous, next)
|   0|0x0000000780000000, 0x0000000780100000, 0x0000000780100000|100%| O|  |TAMS 0x0000000780100000, 0x0000000780000000| Untracked 
|   1|0x0000000780100000, 0x0000000780200000, 0x0000000780200000|100%| O|  |TAMS 0x0000000780200000, 0x0000000780100000| Untracked 
|   2|0x0000000780200000, 0x00000007802dd600, 0x0000000780300000| 86%| O|  |TAMS 0x00000007802dd600, 0x0000000780200000| Untracked 
|   3|0x0000000780300000, 0x0000000780400000, 0x0000000780400000|100%|HS|  |TAMS 0x0000000780300000, 0x0000000780300000| Complete 
|   4|0x0000000780400000, 0x0000000780500000, 0x0000000780500000|100%|HC|  |TAMS 0x0000000780400000, 0x0000000780400000| Complete 
|   5|0x0000000780500000, 0x0000000780600000, 0x0000000780600000|100%|HS|  |TAMS 0x0000000780500000, 0x0000000780500000| Complete 
|   6|0x0000000780600000, 0x0000000780700000, 0x0000000780700000|100%|HC|  |TAMS 0x0000000780600000, 0x0000000780600000| Complete 
|   7|0x0000000780700000, 0x0000000780700000, 0x0000000780800000|  0%| F|  |TAMS 0x0000000780700000, 0x0000000780700000| Untracked 
|   8|0x0000000780800000, 0x0000000780800000, 0x0000000780900000|  0%| F|  |TAMS 0x0000000780800000, 0x0000000780800000| Untracked 
|   9|0x0000000780900000, 0x0000000780900000, 0x0000000780a00000|  0%| F|  |TAMS 0x0000000780900000, 0x0000000780900000| Untracked 
|  10|0x0000000780a00000, 0x0000000780a00000, 0x0000000780b00000|  0%| F|  |TAMS 0x0000000780a00000, 0x0000000780a00000| Untracked 
|  11|0x0000000780b00000, 0x0000000780b00000, 0x0000000780c00000|  0%| F|  |TAMS 0x0000000780b00000, 0x0000000780b00000| Untracked 
|  12|0x0000000780c00000, 0x0000000780c00000, 0x0000000780d00000|  0%| F|  |TAMS 0x0000000780c00000, 0x0000000780c00000| Untracked 
|  13|0x0000000780d00000, 0x0000000780d00000, 0x0000000780e00000|  0%| F|  |TAMS 0x0000000780d00000, 0x0000000780d00000| Untracked 
|  14|0x0000000780e00000, 0x0000000780e00000, 0x0000000780f00000|  0%| F|  |TAMS 0x0000000780e00000, 0x0000000780e00000| Untracked 
|  15|0x0000000780f00000, 0x0000000780f00000, 0x0000000781000000|  0%| F|  |TAMS 0x0000000780f00000, 0x0000000780f00000| Untracked 
|  16|0x0000000781000000, 0x0000000781000000, 0x0000000781100000|  0%| F|  |TAMS 0x0000000781000000, 0x0000000781000000| Untracked 
|  17|0x0000000781100000, 0x0000000781100000, 0x0000000781200000|  0%| F|  |TAMS 0x0000000781100000, 0x0000000781100000| Untracked 
|  18|0x0000000781200000, 0x0000000781200000, 0x0000000781300000|  0%| F|  |TAMS 0x0000000781200000, 0x0000000781200000| Untracked 
|  19|0x0000000781300000, 0x0000000781300000, 0x0000000781400000|  0%| F|  |TAMS 0x0000000781300000, 0x0000000781300000| Untracked 
|  20|0x0000000781400000, 0x0000000781400000, 0x0000000781500000|  0%| F|  |TAMS 0x0000000781400000, 0x0000000781400000| Untracked 
|  21|0x0000000781500000, 0x0000000781500000, 0x0000000781600000|  0%| F|  |TAMS 0x0000000781500000, 0x0000000781500000| Untracked 
|  22|0x0000000781600000, 0x0000000781600000, 0x0000000781700000|  0%| F|  |TAMS 0x0000000781600000, 0x0000000781600000| Untracked 
|  23|0x0000000781700000, 0x0000000781700000, 0x0000000781800000|  0%| F|  |TAMS 0x0000000781700000, 0x0000000781700000| Untracked 
|  24|0x0000000781800000, 0x0000000781800000, 0x0000000781900000|  0%| F|  |TAMS 0x0000000781800000, 0x0000000781800000| Untracked 
|  25|0x0000000781900000, 0x0000000781900000, 0x0000000781a00000|  0%| F|  |TAMS 0x0000000781900000, 0x0000000781900000| Untracked 
|  26|0x0000000781a00000, 0x0000000781a00000, 0x0000000781b00000|  0%| F|  |TAMS 0x0000000781a00000, 0x0000000781a00000| Untracked 
|  27|0x0000000781b00000, 0x0000000781b00000, 0x0000000781c00000|  0%| F|  |TAMS 0x0000000781b00000, 0x0000000781b00000| Untracked 
|  28|0x0000000781c00000, 0x0000000781c00000, 0x0000000781d00000|  0%| F|  |TAMS 0x0000000781c00000, 0x0000000781c00000| Untracked 
|  29|0x0000000781d00000, 0x0000000781d00000, 0x0000000781e00000|  0%| F|  |TAMS 0x0000000781d00000, 0x0000000781d00000| Untracked 
|  30|0x0000000781e00000, 0x0000000781e00000, 0x0000000781f00000|  0%| F|  |TAMS 0x0000000781e00000, 0x0000000781e00000| Untracked 
|  31|0x0000000781f00000, 0x0000000781f00000, 0x0000000782000000|  0%| F|  |TAMS 0x0000000781f00000, 0x0000000781f00000| Untracked 
|  32|0x0000000782000000, 0x0000000782000000, 0x0000000782100000|  0%| F|  |TAMS 0x0000000782000000, 0x0000000782000000| Untracked 
|  33|0x0000000782100000, 0x0000000782100000, 0x0000000782200000|  0%| F|  |TAMS 0x0000000782100000, 0x0000000782100000| Untracked 
|  34|0x0000000782200000, 0x0000000782200000, 0x0000000782300000|  0%| F|  |TAMS 0x0000000782200000, 0x0000000782200000| Untracked 
|  35|0x0000000782300000, 0x0000000782300000, 0x0000000782400000|  0%| F|  |TAMS 0x0000000782300000, 0x0000000782300000| Untracked 
|  36|0x0000000782400000, 0x0000000782400000, 0x0000000782500000|  0%| F|  |TAMS 0x0000000782400000, 0x0000000782400000| Untracked 
|  37|0x0000000782500000, 0x0000000782500000, 0x0000000782600000|  0%| F|  |TAMS 0x0000000782500000, 0x0000000782500000| Untracked 
|  38|0x0000000782600000, 0x0000000782600000, 0x0000000782700000|  0%| F|  |TAMS 0x0000000782600000, 0x0000000782600000| Untracked 
|  39|0x0000000782700000, 0x0000000782700000, 0x0000000782800000|  0%| F|  |TAMS 0x0000000782700000, 0x0000000782700000| Untracked 
|  40|0x0000000782800000, 0x0000000782800000, 0x0000000782900000|  0%| F|  |TAMS 0x0000000782800000, 0x0000000782800000| Untracked 
|  41|0x0000000782900000, 0x0000000782900000, 0x0000000782a00000|  0%| F|  |TAMS 0x0000000782900000, 0x0000000782900000| Untracked 
|  42|0x0000000782a00000, 0x0000000782a00000, 0x0000000782b00000|  0%| F|  |TAMS 0x0000000782a00000, 0x0000000782a00000| Untracked 
|  43|0x0000000782b00000, 0x0000000782b00000, 0x0000000782c00000|  0%| F|  |TAMS 0x0000000782b00000, 0x0000000782b00000| Untracked 
|  44|0x0000000782c00000, 0x0000000782c00000, 0x0000000782d00000|  0%| F|  |TAMS 0x0000000782c00000, 0x0000000782c00000| Untracked 
|  45|0x0000000782d00000, 0x0000000782d00000, 0x0000000782e00000|  0%| F|  |TAMS 0x0000000782d00000, 0x0000000782d00000| Untracked 
|  46|0x0000000782e00000, 0x0000000782e00000, 0x0000000782f00000|  0%| F|  |TAMS 0x0000000782e00000, 0x0000000782e00000| Untracked 
|  47|0x0000000782f00000, 0x0000000782f00000, 0x0000000783000000|  0%| F|  |TAMS 0x0000000782f00000, 0x0000000782f00000| Untracked 
|  48|0x0000000783000000, 0x0000000783000000, 0x0000000783100000|  0%| F|  |TAMS 0x0000000783000000, 0x0000000783000000| Untracked 
|  49|0x0000000783100000, 0x0000000783100000, 0x0000000783200000|  0%| F|  |TAMS 0x0000000783100000, 0x0000000783100000| Untracked 
|  50|0x0000000783200000, 0x0000000783200000, 0x0000000783300000|  0%| F|  |TAMS 0x0000000783200000, 0x0000000783200000| Untracked 
|  51|0x0000000783300000, 0x0000000783300000, 0x0000000783400000|  0%| F|  |TAMS 0x0000000783300000, 0x0000000783300000| Untracked 
|  52|0x0000000783400000, 0x0000000783400000, 0x0000000783500000|  0%| F|  |TAMS 0x0000000783400000, 0x0000000783400000| Untracked 
|  53|0x0000000783500000, 0x0000000783500000, 0x0000000783600000|  0%| F|  |TAMS 0x0000000783500000, 0x0000000783500000| Untracked 
|  54|0x0000000783600000, 0x0000000783600000, 0x0000000783700000|  0%| F|  |TAMS 0x0000000783600000, 0x0000000783600000| Untracked 
|  55|0x0000000783700000, 0x0000000783700000, 0x0000000783800000|  0%| F|  |TAMS 0x0000000783700000, 0x0000000783700000| Untracked 
|  56|0x0000000783800000, 0x0000000783800000, 0x0000000783900000|  0%| F|  |TAMS 0x0000000783800000, 0x0000000783800000| Untracked 
|  57|0x0000000783900000, 0x0000000783900000, 0x0000000783a00000|  0%| F|  |TAMS 0x0000000783900000, 0x0000000783900000| Untracked 
|  58|0x0000000783a00000, 0x0000000783a00000, 0x0000000783b00000|  0%| F|  |TAMS 0x0000000783a00000, 0x0000000783a00000| Untracked 
|  59|0x0000000783b00000, 0x0000000783b00000, 0x0000000783c00000|  0%| F|  |TAMS 0x0000000783b00000, 0x0000000783b00000| Untracked 
|  60|0x0000000783c00000, 0x0000000783c00000, 0x0000000783d00000|  0%| F|  |TAMS 0x0000000783c00000, 0x0000000783c00000| Untracked 
|  61|0x0000000783d00000, 0x0000000783d00000, 0x0000000783e00000|  0%| F|  |TAMS 0x0000000783d00000, 0x0000000783d00000| Untracked 
|  62|0x0000000783e00000, 0x0000000783e00000, 0x0000000783f00000|  0%| F|  |TAMS 0x0000000783e00000, 0x0000000783e00000| Untracked 
|  63|0x0000000783f00000, 0x0000000783f00000, 0x0000000784000000|  0%| F|  |TAMS 0x0000000783f00000, 0x0000000783f00000| Untracked 
|  64|0x0000000784000000, 0x0000000784000000, 0x0000000784100000|  0%| F|  |TAMS 0x0000000784000000, 0x0000000784000000| Untracked 
|  65|0x0000000784100000, 0x0000000784100000, 0x0000000784200000|  0%| F|  |TAMS 0x0000000784100000, 0x0000000784100000| Untracked 
|  66|0x0000000784200000, 0x0000000784200000, 0x0000000784300000|  0%| F|  |TAMS 0x0000000784200000, 0x0000000784200000| Untracked 
|  67|0x0000000784300000, 0x0000000784300000, 0x0000000784400000|  0%| F|  |TAMS 0x0000000784300000, 0x0000000784300000| Untracked 
|  68|0x0000000784400000, 0x0000000784400000, 0x0000000784500000|  0%| F|  |TAMS 0x0000000784400000, 0x0000000784400000| Untracked 
|  69|0x0000000784500000, 0x0000000784500000, 0x0000000784600000|  0%| F|  |TAMS 0x0000000784500000, 0x0000000784500000| Untracked 
|  70|0x0000000784600000, 0x0000000784600000, 0x0000000784700000|  0%| F|  |TAMS 0x0000000784600000, 0x0000000784600000| Untracked 
|  71|0x0000000784700000, 0x0000000784700000, 0x0000000784800000|  0%| F|  |TAMS 0x0000000784700000, 0x0000000784700000| Untracked 
|  72|0x0000000784800000, 0x0000000784800000, 0x0000000784900000|  0%| F|  |TAMS 0x0000000784800000, 0x0000000784800000| Untracked 
|  73|0x0000000784900000, 0x0000000784900000, 0x0000000784a00000|  0%| F|  |TAMS 0x0000000784900000, 0x0000000784900000| Untracked 
|  74|0x0000000784a00000, 0x0000000784a00000, 0x0000000784b00000|  0%| F|  |TAMS 0x0000000784a00000, 0x0000000784a00000| Untracked 
|  75|0x0000000784b00000, 0x0000000784b00000, 0x0000000784c00000|  0%| F|  |TAMS 0x0000000784b00000, 0x0000000784b00000| Untracked 
|  76|0x0000000784c00000, 0x0000000784c00000, 0x0000000784d00000|  0%| F|  |TAMS 0x0000000784c00000, 0x0000000784c00000| Untracked 
|  77|0x0000000784d00000, 0x0000000784d00000, 0x0000000784e00000|  0%| F|  |TAMS 0x0000000784d00000, 0x0000000784d00000| Untracked 
|  78|0x0000000784e00000, 0x0000000784e00000, 0x0000000784f00000|  0%| F|  |TAMS 0x0000000784e00000, 0x0000000784e00000| Untracked 
|  79|0x0000000784f00000, 0x0000000784f00000, 0x0000000785000000|  0%| F|  |TAMS 0x0000000784f00000, 0x0000000784f00000| Untracked 
|  80|0x0000000785000000, 0x0000000785000000, 0x0000000785100000|  0%| F|  |TAMS 0x0000000785000000, 0x0000000785000000| Untracked 
|  81|0x0000000785100000, 0x0000000785100000, 0x0000000785200000|  0%| F|  |TAMS 0x0000000785100000, 0x0000000785100000| Untracked 
|  82|0x0000000785200000, 0x0000000785200000, 0x0000000785300000|  0%| F|  |TAMS 0x0000000785200000, 0x0000000785200000| Untracked 
|  83|0x0000000785300000, 0x0000000785300000, 0x0000000785400000|  0%| F|  |TAMS 0x0000000785300000, 0x0000000785300000| Untracked 
|  84|0x0000000785400000, 0x0000000785400000, 0x0000000785500000|  0%| F|  |TAMS 0x0000000785400000, 0x0000000785400000| Untracked 
|  85|0x0000000785500000, 0x0000000785500000, 0x0000000785600000|  0%| F|  |TAMS 0x0000000785500000, 0x0000000785500000| Untracked 
|  86|0x0000000785600000, 0x0000000785600000, 0x0000000785700000|  0%| F|  |TAMS 0x0000000785600000, 0x0000000785600000| Untracked 
|  87|0x0000000785700000, 0x0000000785700000, 0x0000000785800000|  0%| F|  |TAMS 0x0000000785700000, 0x0000000785700000| Untracked 
|  88|0x0000000785800000, 0x0000000785800000, 0x0000000785900000|  0%| F|  |TAMS 0x0000000785800000, 0x0000000785800000| Untracked 
|  89|0x0000000785900000, 0x0000000785900000, 0x0000000785a00000|  0%| F|  |TAMS 0x0000000785900000, 0x0000000785900000| Untracked 
|  90|0x0000000785a00000, 0x0000000785a00000, 0x0000000785b00000|  0%| F|  |TAMS 0x0000000785a00000, 0x0000000785a00000| Untracked 
|  91|0x0000000785b00000, 0x0000000785b00000, 0x0000000785c00000|  0%| F|  |TAMS 0x0000000785b00000, 0x0000000785b00000| Untracked 
|  92|0x0000000785c00000, 0x0000000785c00000, 0x0000000785d00000|  0%| F|  |TAMS 0x0000000785c00000, 0x0000000785c00000| Untracked 
|  93|0x0000000785d00000, 0x0000000785d00000, 0x0000000785e00000|  0%| F|  |TAMS 0x0000000785d00000, 0x0000000785d00000| Untracked 
|  94|0x0000000785e00000, 0x0000000785e00000, 0x0000000785f00000|  0%| F|  |TAMS 0x0000000785e00000, 0x0000000785e00000| Untracked 
|  95|0x0000000785f00000, 0x0000000785f00000, 0x0000000786000000|  0%| F|  |TAMS 0x0000000785f00000, 0x0000000785f00000| Untracked 
|  96|0x0000000786000000, 0x0000000786000000, 0x0000000786100000|  0%| F|  |TAMS 0x0000000786000000, 0x0000000786000000| Untracked 
|  97|0x0000000786100000, 0x0000000786100000, 0x0000000786200000|  0%| F|  |TAMS 0x0000000786100000, 0x0000000786100000| Untracked 
|  98|0x0000000786200000, 0x0000000786200000, 0x0000000786300000|  0%| F|  |TAMS 0x0000000786200000, 0x0000000786200000| Untracked 
|  99|0x0000000786300000, 0x0000000786300000, 0x0000000786400000|  0%| F|  |TAMS 0x0000000786300000, 0x0000000786300000| Untracked 
| 100|0x0000000786400000, 0x0000000786400000, 0x0000000786500000|  0%| F|  |TAMS 0x0000000786400000, 0x0000000786400000| Untracked 
| 101|0x0000000786500000, 0x0000000786500000, 0x0000000786600000|  0%| F|  |TAMS 0x0000000786500000, 0x0000000786500000| Untracked 
| 102|0x0000000786600000, 0x0000000786700000, 0x0000000786700000|100%| E|  |TAMS 0x0000000786600000, 0x0000000786600000| Complete 
| 103|0x0000000786700000, 0x0000000786800000, 0x0000000786800000|100%| E|CS|TAMS 0x0000000786700000, 0x0000000786700000| Complete 
| 104|0x0000000786800000, 0x0000000786900000, 0x0000000786900000|100%| E|CS|TAMS 0x0000000786800000, 0x0000000786800000| Complete 
| 105|0x0000000786900000, 0x0000000786a00000, 0x0000000786a00000|100%| E|CS|TAMS 0x0000000786900000, 0x0000000786900000| Complete 
| 106|0x0000000786a00000, 0x0000000786b00000, 0x0000000786b00000|100%| E|CS|TAMS 0x0000000786a00000, 0x0000000786a00000| Complete 
| 107|0x0000000786b00000, 0x0000000786c00000, 0x0000000786c00000|100%| E|CS|TAMS 0x0000000786b00000, 0x0000000786b00000| Complete 
| 108|0x0000000786c00000, 0x0000000786d00000, 0x0000000786d00000|100%| E|CS|TAMS 0x0000000786c00000, 0x0000000786c00000| Complete 
| 109|0x0000000786d00000, 0x0000000786e00000, 0x0000000786e00000|100%| E|CS|TAMS 0x0000000786d00000, 0x0000000786d00000| Complete 
| 110|0x0000000786e00000, 0x0000000786f00000, 0x0000000786f00000|100%| E|CS|TAMS 0x0000000786e00000, 0x0000000786e00000| Complete 
| 111|0x0000000786f00000, 0x0000000786f79b30, 0x0000000787000000| 47%| S|CS|TAMS 0x0000000786f00000, 0x0000000786f00000| Complete 
| 112|0x0000000787000000, 0x0000000787100000, 0x0000000787100000|100%| S|CS|TAMS 0x0000000787000000, 0x0000000787000000| Complete 
| 113|0x0000000787100000, 0x0000000787200000, 0x0000000787200000|100%| S|CS|TAMS 0x0000000787100000, 0x0000000787100000| Complete 
| 114|0x0000000787200000, 0x0000000787300000, 0x0000000787300000|100%| E|CS|TAMS 0x0000000787200000, 0x0000000787200000| Complete 
| 115|0x0000000787300000, 0x0000000787400000, 0x0000000787400000|100%| E|CS|TAMS 0x0000000787300000, 0x0000000787300000| Complete 
| 116|0x0000000787400000, 0x0000000787500000, 0x0000000787500000|100%| S|CS|TAMS 0x0000000787400000, 0x0000000787400000| Complete 
| 117|0x0000000787500000, 0x0000000787600000, 0x0000000787600000|100%| E|CS|TAMS 0x0000000787500000, 0x0000000787500000| Complete 
| 118|0x0000000787600000, 0x0000000787700000, 0x0000000787700000|100%| E|CS|TAMS 0x0000000787600000, 0x0000000787600000| Complete 
| 119|0x0000000787700000, 0x0000000787800000, 0x0000000787800000|100%| E|CS|TAMS 0x0000000787700000, 0x0000000787700000| Complete 
| 120|0x0000000787800000, 0x0000000787900000, 0x0000000787900000|100%| E|CS|TAMS 0x0000000787800000, 0x0000000787800000| Complete 
| 121|0x0000000787900000, 0x0000000787a00000, 0x0000000787a00000|100%| E|CS|TAMS 0x0000000787900000, 0x0000000787900000| Complete 
| 122|0x0000000787a00000, 0x0000000787b00000, 0x0000000787b00000|100%| E|CS|TAMS 0x0000000787a00000, 0x0000000787a00000| Complete 
| 123|0x0000000787b00000, 0x0000000787c00000, 0x0000000787c00000|100%| E|CS|TAMS 0x0000000787b00000, 0x0000000787b00000| Complete 
| 124|0x0000000787c00000, 0x0000000787d00000, 0x0000000787d00000|100%| E|CS|TAMS 0x0000000787c00000, 0x0000000787c00000| Complete 
| 125|0x0000000787d00000, 0x0000000787e00000, 0x0000000787e00000|100%| E|CS|TAMS 0x0000000787d00000, 0x0000000787d00000| Complete 
| 126|0x0000000787e00000, 0x0000000787f00000, 0x0000000787f00000|100%| E|CS|TAMS 0x0000000787e00000, 0x0000000787e00000| Complete 
| 127|0x0000000787f00000, 0x0000000788000000, 0x0000000788000000|100%| E|CS|TAMS 0x0000000787f00000, 0x0000000787f00000| Complete 

Card table byte_map: [0x000000010bf9d000,0x000000010c39d000] _byte_map_base: 0x000000010839d000

Marking Bits (Prev, Next): (CMBitMap*) 0x00007fa178812650, (CMBitMap*) 0x00007fa178812618
 Prev Bits: [0x000000010f8a9000, 0x00000001118a9000)
 Next Bits: [0x000000010d8a9000, 0x000000010f8a9000)

Polling page: 0x000000010b90e000

Metaspace:

Usage:
  Non-class:     23.38 MB capacity,    22.87 MB ( 98%) used,   415.40 KB (  2%) free+waste,   107.25 KB ( <1%) overhead. 
      Class:      3.65 MB capacity,     3.26 MB ( 89%) used,   350.05 KB (  9%) free+waste,    53.81 KB (  1%) overhead. 
       Both:     27.03 MB capacity,    26.12 MB ( 97%) used,   765.45 KB (  3%) free+waste,   161.06 KB ( <1%) overhead. 

Virtual space:
  Non-class space:       24.00 MB reserved,      23.50 MB ( 98%) committed 
      Class space:        1.00 GB reserved,       3.75 MB ( <1%) committed 
             Both:        1.02 GB reserved,      27.25 MB (  3%) committed 

Chunk freelists:
   Non-Class:  31.00 KB
       Class:  7.00 KB
        Both:  38.00 KB

MaxMetaspaceSize: unlimited
CompressedClassSpaceSize: 1.00 GB
Initial GC threshold: 20.80 MB
Current GC threshold: 35.00 MB
CDS: off

CodeHeap 'non-profiled nmethods': size=120032Kb used=928Kb max_used=928Kb free=119103Kb
 bounds [0x00000001227e3000, 0x0000000122a53000, 0x0000000129d1b000]
CodeHeap 'profiled nmethods': size=120032Kb used=4438Kb max_used=4438Kb free=115593Kb
 bounds [0x000000011b2ab000, 0x000000011b70b000, 0x00000001227e3000]
CodeHeap 'non-nmethods': size=5696Kb used=1446Kb max_used=1477Kb free=4249Kb
 bounds [0x000000011ad1b000, 0x000000011af8b000, 0x000000011b2ab000]
 total_blobs=3137 nmethods=2346 adapters=704
 compilation: enabled
              stopped_count=0, restarted_count=0
 full_count=0

Compilation events (20 events):
Event: 8.405 Thread 0x00007fa17a041800 2365       3       sun.nio.cs.UTF_8$Encoder::encodeArrayLoop (489 bytes)
Event: 8.420 Thread 0x00007fa17a041800 nmethod 2365 0x000000011b6fa810 code [0x000000011b6fae00, 0x000000011b6fe320]
Event: 8.420 Thread 0x00007fa17a041800 2366       3       jdk.internal.misc.VM::initLevel (4 bytes)
Event: 8.420 Thread 0x00007fa17a041800 nmethod 2366 0x000000011b6ff410 code [0x000000011b6ff5c0, 0x000000011b6ff6b0]
Event: 8.420 Thread 0x00007fa17a041800 2367       3       jdk.internal.misc.VM::isModuleSystemInited (13 bytes)
Event: 8.420 Thread 0x00007fa17a041800 nmethod 2367 0x000000011b6ff710 code [0x000000011b6ff8c0, 0x000000011b6ffa50]
Event: 8.420 Thread 0x00007fa17a041800 2370       3       com.sun.javafx.geom.transform.AffineBase::isTranslateOrIdentity (22 bytes)
Event: 8.421 Thread 0x00007fa17a041800 nmethod 2370 0x000000011b6ffb10 code [0x000000011b6ffce0, 0x000000011b700170]
Event: 8.421 Thread 0x00007fa17a041800 2369       3       com.sun.javafx.geom.RectBounds::deriveWithNewBounds (80 bytes)
Event: 8.422 Thread 0x00007fa17a041800 nmethod 2369 0x000000011b700290 code [0x000000011b700480, 0x000000011b7009e0]
Event: 8.422 Thread 0x00007fa17a041800 2371       1       com.sun.prism.es2.ES2TextureData::getWrapMode (5 bytes)
Event: 8.422 Thread 0x00007fa17a041800 nmethod 2371 0x00000001228c8190 code [0x00000001228c8340, 0x00000001228c83f0]
Event: 8.422 Thread 0x00007fa17a041800 2372       1       com.sun.prism.impl.BaseTexture::getLinearFiltering (5 bytes)
Event: 8.422 Thread 0x00007fa17a041800 nmethod 2372 0x00000001228c8490 code [0x00000001228c8640, 0x00000001228c86f0]
Event: 8.422 Thread 0x00007fa17a041800 2373       1       com.sun.prism.es2.ES2TextureData::isFiltered (5 bytes)
Event: 8.422 Thread 0x00007fa17a041800 nmethod 2373 0x00000001228c8790 code [0x00000001228c8940, 0x00000001228c89f0]
Event: 8.422 Thread 0x00007fa17a041800 2374       1       com.sun.prism.impl.BaseGraphics::getRenderRoot (5 bytes)
Event: 8.422 Thread 0x00007fa17a041800 nmethod 2374 0x00000001228c8a90 code [0x00000001228c8c40, 0x00000001228c8cf0]
Event: 8.427 Thread 0x00007fa178864000 nmethod 2334 0x00000001228c8d90 code [0x00000001228c8f80, 0x00000001228c9d48]
Event: 8.429 Thread 0x00007fa178864000 2340       4       java.util.HashMap$HashIterator::nextNode (100 bytes)

GC Heap History (6 events):
Event: 1.951 GC heap before
{Heap before GC invocations=0 (full 0):
 garbage-first heap   total 131072K, used 14336K [0x0000000780000000, 0x0000000800000000)
  region size 1024K, 14 young (14336K), 0 survivors (0K)
 Metaspace       used 10220K, capacity 10513K, committed 10752K, reserved 1058816K
  class space    used 1032K, capacity 1170K, committed 1280K, reserved 1048576K
}
Event: 1.963 GC heap after
{Heap after GC invocations=1 (full 0):
 garbage-first heap   total 131072K, used 2815K [0x0000000780000000, 0x0000000800000000)
  region size 1024K, 2 young (2048K), 2 survivors (2048K)
 Metaspace       used 10220K, capacity 10513K, committed 10752K, reserved 1058816K
  class space    used 1032K, capacity 1170K, committed 1280K, reserved 1048576K
}
Event: 2.772 GC heap before
{Heap before GC invocations=1 (full 0):
 garbage-first heap   total 131072K, used 15103K [0x0000000780000000, 0x0000000800000000)
  region size 1024K, 14 young (14336K), 2 survivors (2048K)
 Metaspace       used 14592K, capacity 15027K, committed 15104K, reserved 1062912K
  class space    used 1588K, capacity 1785K, committed 1792K, reserved 1048576K
}
Event: 2.779 GC heap after
{Heap after GC invocations=2 (full 0):
 garbage-first heap   total 131072K, used 4981K [0x0000000780000000, 0x0000000800000000)
  region size 1024K, 2 young (2048K), 2 survivors (2048K)
 Metaspace       used 14592K, capacity 15027K, committed 15104K, reserved 1062912K
  class space    used 1588K, capacity 1785K, committed 1792K, reserved 1048576K
}
Event: 3.326 GC heap before
{Heap before GC invocations=2 (full 0):
 garbage-first heap   total 131072K, used 15221K [0x0000000780000000, 0x0000000800000000)
  region size 1024K, 13 young (13312K), 2 survivors (2048K)
 Metaspace       used 20475K, capacity 21007K, committed 21248K, reserved 1069056K
  class space    used 2309K, capacity 2525K, committed 2560K, reserved 1048576K
}
Event: 3.339 GC heap after
{Heap after GC invocations=3 (full 0):
 garbage-first heap   total 131072K, used 6492K [0x0000000780000000, 0x0000000800000000)
  region size 1024K, 4 young (4096K), 4 survivors (4096K)
 Metaspace       used 20475K, capacity 21007K, committed 21248K, reserved 1069056K
  class space    used 2309K, capacity 2525K, committed 2560K, reserved 1048576K
}

Deoptimization events (20 events):
Event: 5.063 Thread 0x00007fa179189000 DEOPT PACKING pc=0x000000011b622db2 sp=0x000070000ee9d100
Event: 5.063 Thread 0x00007fa179189000 DEOPT UNPACKING pc=0x000000011ad6564a sp=0x000070000ee9c580 mode 0
Event: 5.063 Thread 0x00007fa179189000 DEOPT PACKING pc=0x000000011b622db2 sp=0x000070000ee9d100
Event: 5.063 Thread 0x00007fa179189000 DEOPT UNPACKING pc=0x000000011ad6564a sp=0x000070000ee9c580 mode 0
Event: 5.063 Thread 0x00007fa179189000 DEOPT PACKING pc=0x000000011b622db2 sp=0x000070000ee9d100
Event: 5.063 Thread 0x00007fa179189000 DEOPT UNPACKING pc=0x000000011ad6564a sp=0x000070000ee9c580 mode 0
Event: 5.064 Thread 0x00007fa179189000 DEOPT PACKING pc=0x000000011b622db2 sp=0x000070000ee9d100
Event: 5.064 Thread 0x00007fa179189000 DEOPT UNPACKING pc=0x000000011ad6564a sp=0x000070000ee9c580 mode 0
Event: 5.064 Thread 0x00007fa179189000 DEOPT PACKING pc=0x000000011b622db2 sp=0x000070000ee9d100
Event: 5.064 Thread 0x00007fa179189000 DEOPT UNPACKING pc=0x000000011ad6564a sp=0x000070000ee9c580 mode 0
Event: 5.532 Thread 0x00007fa179189000 DEOPT PACKING pc=0x000000011b663d74 sp=0x000070000ee9e280
Event: 5.532 Thread 0x00007fa179189000 DEOPT UNPACKING pc=0x000000011ad6564a sp=0x000070000ee9d6d8 mode 0
Event: 8.380 Thread 0x00007fa178957000 Uncommon trap: trap_request=0xffffffc6 fr.pc=0x00000001228642e0 relative=0x0000000000000e20
Event: 8.380 Thread 0x00007fa178957000 Uncommon trap: reason=bimorphic_or_optimized_type_check action=maybe_recompile pc=0x00000001228642e0 method=java.util.HashMap.putVal(ILjava/lang/Object;Ljava/lang/Object;ZZ)Ljava/lang/Object; @ 203 c2
Event: 8.380 Thread 0x00007fa178957000 DEOPT PACKING pc=0x00000001228642e0 sp=0x00007ff7b4729630
Event: 8.380 Thread 0x00007fa178957000 DEOPT UNPACKING pc=0x000000011ad64ea5 sp=0x00007ff7b4729578 mode 2
Event: 8.380 Thread 0x00007fa178957000 Uncommon trap: trap_request=0xffffff4d fr.pc=0x0000000122864298 relative=0x0000000000000dd8
Event: 8.380 Thread 0x00007fa178957000 Uncommon trap: reason=unstable_if action=reinterpret pc=0x0000000122864298 method=java.util.HashMap.putVal(ILjava/lang/Object;Ljava/lang/Object;ZZ)Ljava/lang/Object; @ 94 c2
Event: 8.380 Thread 0x00007fa178957000 DEOPT PACKING pc=0x0000000122864298 sp=0x00007ff7b4729630
Event: 8.380 Thread 0x00007fa178957000 DEOPT UNPACKING pc=0x000000011ad64ea5 sp=0x00007ff7b4729580 mode 2

Classes redefined (0 events):
No events

Internal exceptions (20 events):
Event: 2.980 Thread 0x00007fa178957000 Implicit null exception at 0x0000000122834b15 to 0x0000000122834f1c
Event: 3.068 Thread 0x00007fa178957000 Exception <a 'java/lang/NoSuchMethodError'{0x0000000787a2e7d8}: 'int java.lang.invoke.DirectMethodHandle$Holder.invokeSpecialIFC(java.lang.Object, java.lang.Object, int)'> (0x0000000787a2e7d8) thrown at [./src/hotspot/share/interpreter/linkResolver.cpp, line 773]
Event: 3.126 Thread 0x00007fa178957000 Exception <a 'java/lang/NoClassDefFoundError'{0x0000000787984910}: com/sun/jna/Platform> (0x0000000787984910) thrown at [./src/hotspot/share/classfile/systemDictionary.cpp, line 219]
Event: 3.177 Thread 0x00007fa178957000 Exception <a 'java/lang/NoSuchMethodError'{0x00000007878956c0}: 'java.lang.Object java.lang.invoke.DirectMethodHandle$Holder.invokeStaticInit(java.lang.Object, java.lang.Object, long, java.lang.Object)'> (0x00000007878956c0) thrown at [./src/hotspot/share/interpreter/linkResolver.cpp, line 773]
Event: 3.178 Thread 0x00007fa178957000 Exception <a 'java/lang/NoSuchMethodError'{0x00000007878a1618}: 'java.lang.Object java.lang.invoke.Invokers$Holder.linkToTargetMethod(java.lang.Object, long, java.lang.Object)'> (0x00000007878a1618) thrown at [./src/hotspot/share/interpreter/linkResolver.cpp, line 773]
Event: 3.183 Thread 0x00007fa178957000 Exception <a 'java/lang/NoClassDefFoundError'{0x00000007878c6100}: com/sun/jna/Platform> (0x00000007878c6100) thrown at [./src/hotspot/share/classfile/systemDictionary.cpp, line 219]
Event: 3.823 Thread 0x00007fa178957000 Exception <a 'java/lang/NoSuchMethodError'{0x0000000787ccb6b0}: 'java.lang.Object java.lang.invoke.Invokers$Holder.linkToTargetMethod(java.lang.Object, int, java.lang.Object)'> (0x0000000787ccb6b0) thrown at [./src/hotspot/share/interpreter/linkResolver.cpp, line 773]
Event: 3.858 Thread 0x00007fa178957000 Exception <a 'java/lang/NoSuchMethodError'{0x0000000787b60050}: 'java.lang.Object java.lang.invoke.DirectMethodHandle$Holder.invokeInterface(java.lang.Object, java.lang.Object, java.lang.Object)'> (0x0000000787b60050) thrown at [./src/hotspot/share/interpreter/linkResolver.cpp, line 773]
Event: 3.858 Thread 0x00007fa178957000 Exception <a 'java/lang/IncompatibleClassChangeError'{0x0000000787b63208}: Found class java.lang.Object, but interface was expected> (0x0000000787b63208) thrown at [./src/hotspot/share/interpreter/linkResolver.cpp, line 839]
Event: 4.304 Thread 0x00007fa178957000 Exception <a 'java/lang/NoSuchMethodError'{0x0000000786eb88d0}: 'java.lang.Object java.lang.invoke.Invokers$Holder.linkToTargetMethod(java.lang.Object, int, int, java.lang.Object)'> (0x0000000786eb88d0) thrown at [./src/hotspot/share/interpreter/linkResolver.cpp, line 773]
Event: 4.566 Thread 0x00007fa179189000 Exception <a 'java/lang/NoSuchMethodError'{0x0000000786dc9ac8}: 'int java.lang.invoke.DirectMethodHandle$Holder.invokeStaticInit(java.lang.Object, java.lang.Object)'> (0x0000000786dc9ac8) thrown at [./src/hotspot/share/interpreter/linkResolver.cpp, line 773]
Event: 4.586 Thread 0x00007fa178957000 Exception <a 'java/lang/NoSuchMethodError'{0x0000000786c826c0}: 'long java.lang.invoke.DirectMethodHandle$Holder.invokeStaticInit(java.lang.Object, java.lang.Object, java.lang.Object)'> (0x0000000786c826c0) thrown at [./src/hotspot/share/interpreter/linkResolver.cpp, line 773]
Event: 4.591 Thread 0x00007fa178957000 Exception <a 'java/lang/NoSuchMethodError'{0x0000000786c95160}: 'java.lang.Object java.lang.invoke.DirectMethodHandle$Holder.invokeSpecial(java.lang.Object, java.lang.Object, long)'> (0x0000000786c95160) thrown at [./src/hotspot/share/interpreter/linkResolver.cpp, line 773]
Event: 4.917 Thread 0x00007fa179189000 Exception <a 'java/lang/NoSuchMethodError'{0x00000007868142b0}: 'java.lang.Object java.lang.invoke.DirectMethodHandle$Holder.invokeStaticInit(java.lang.Object, int)'> (0x00000007868142b0) thrown at [./src/hotspot/share/interpreter/linkResolver.cpp, line 773]
Event: 5.086 Thread 0x00007fa178957000 Exception <a 'java/lang/NoSuchMethodError'{0x0000000786cc53e0}: 'java.lang.Object java.lang.invoke.DirectMethodHandle$Holder.invokeStatic(java.lang.Object, java.lang.Object, long, int, int, int)'> (0x0000000786cc53e0) thrown at [./src/hotspot/share/interpreter/linkResolver.cpp, line 773]
Event: 5.088 Thread 0x00007fa178957000 Exception <a 'java/lang/NoSuchMethodError'{0x00000007868ce9d8}: 'java.lang.Object java.lang.invoke.DirectMethodHandle$Holder.invokeStatic(java.lang.Object, java.lang.Object, int, java.lang.Object, long, int, int, int, int)'> (0x00000007868ce9d8) thrown at [./src/hotspot/share/interpreter/linkResolver.cpp, line 773]
Event: 8.400 Thread 0x00007fa178957000 Exception <a 'java/lang/NullPointerException'{0x00000007866e92c0}> (0x00000007866e92c0) thrown at [./src/hotspot/share/interpreter/linkResolver.cpp, line 1358]
Event: 8.400 Thread 0x00007fa178957000 Exception <a 'java/lang/reflect/InvocationTargetException'{0x00000007866e9838}> (0x00000007866e9838) thrown at [./src/hotspot/share/runtime/reflection.cpp, line 1247]
Event: 8.400 Thread 0x00007fa178957000 Exception <a 'java/lang/reflect/InvocationTargetException'{0x00000007866e9db0}> (0x00000007866e9db0) thrown at [./src/hotspot/share/runtime/reflection.cpp, line 1247]
Event: 8.401 Thread 0x00007fa178957000 Exception <a 'java/lang/RuntimeException'{0x00000007866ea328}> (0x00000007866ea328) thrown at [./src/hotspot/share/prims/jvm.cpp, line 1310]

Events (20 events):
Event: 8.024 loading class org/jgrapht/graph/UniformIntrusiveEdgesSpecifics done
Event: 8.025 loading class org/jgrapht/graph/BaseIntrusiveEdgesSpecifics
Event: 8.025 loading class org/jgrapht/graph/BaseIntrusiveEdgesSpecifics done
Event: 8.025 loading class org/jgrapht/graph/IntrusiveEdgeException
Event: 8.025 loading class org/jgrapht/graph/IntrusiveEdgeException done
Event: 8.026 loading class org/mariadb/jdbc/internal/com/send/parameters/IntParameter
Event: 8.026 loading class org/mariadb/jdbc/internal/com/send/parameters/IntParameter done
Event: 8.383 loading class org/jgrapht/Graphs
Event: 8.383 loading class org/jgrapht/Graphs done
Event: 8.384 loading class org/jgrapht/graph/specifics/UndirectedEdgeContainer
Event: 8.384 loading class org/jgrapht/graph/specifics/UndirectedEdgeContainer done
Event: 8.384 loading class org/jgrapht/util/ArrayUnenforcedSet
Event: 8.384 loading class org/jgrapht/util/ArrayUnenforcedSet done
Event: 8.390 loading class it/polito/tdp/borders/model/Border
Event: 8.390 loading class it/polito/tdp/borders/model/Border done
Event: 8.401 loading class java/lang/Throwable$WrappedPrintStream
Event: 8.401 loading class java/lang/Throwable$PrintStreamOrWriter
Event: 8.401 loading class java/lang/Throwable$PrintStreamOrWriter done
Event: 8.401 loading class java/lang/Throwable$WrappedPrintStream done
Event: 8.435 Executing VM operation: RevokeBias


Dynamic libraries:
0x000000010b8ef000 	/Library/Java/JavaVirtualMachines/temurin-11.jdk/Contents/Home/lib/jli/libjli.dylib
0x00007ff830490000 	/System/Library/Frameworks/Cocoa.framework/Versions/A/Cocoa
0x00007ff81c10d000 	/System/Library/Frameworks/AppKit.framework/Versions/C/AppKit
0x00007ff81f618000 	/System/Library/Frameworks/CoreData.framework/Versions/A/CoreData
0x00007ff81a519000 	/System/Library/Frameworks/Foundation.framework/Versions/C/Foundation
0x00007ff824439000 	/usr/lib/libSystem.B.dylib
0x00007ff81cf9b000 	/System/Library/PrivateFrameworks/UIFoundation.framework/Versions/A/UIFoundation
0x00007ff82a39a000 	/System/Library/PrivateFrameworks/RemoteViewServices.framework/Versions/A/RemoteViewServices
0x00007ff822684000 	/System/Library/PrivateFrameworks/XCTTargetBootstrap.framework/Versions/A/XCTTargetBootstrap
0x00007ff826240000 	/System/Library/PrivateFrameworks/InternationalSupport.framework/Versions/A/InternationalSupport
0x00007ff8262ca000 	/System/Library/PrivateFrameworks/UserActivity.framework/Versions/A/UserActivity
0x00007ff825620000 	/usr/lib/libspindump.dylib
0x00007ff81d229000 	/System/Library/Frameworks/UniformTypeIdentifiers.framework/Versions/A/UniformTypeIdentifiers
0x00007ff820dad000 	/usr/lib/libapp_launch_measurement.dylib
0x00007ff81ffe8000 	/System/Library/PrivateFrameworks/CoreAnalytics.framework/Versions/A/CoreAnalytics
0x00007ff820db0000 	/System/Library/PrivateFrameworks/CoreAutoLayout.framework/Versions/A/CoreAutoLayout
0x00007ff821fde000 	/System/Library/Frameworks/Metal.framework/Versions/A/Metal
0x00007ff822d0a000 	/usr/lib/liblangid.dylib
0x00007ff822689000 	/System/Library/PrivateFrameworks/CoreSVG.framework/Versions/A/CoreSVG
0x00007ff81e610000 	/System/Library/PrivateFrameworks/SkyLight.framework/Versions/A/SkyLight
0x00007ff81e9ae000 	/System/Library/Frameworks/CoreGraphics.framework/Versions/A/CoreGraphics
0x00007ff82aa5a000 	/System/Library/Frameworks/Accelerate.framework/Versions/A/Accelerate
0x00007ff82509f000 	/System/Library/PrivateFrameworks/IconServices.framework/Versions/A/IconServices
0x00007ff821fc3000 	/System/Library/Frameworks/IOSurface.framework/Versions/A/IOSurface
0x00007ff820016000 	/usr/lib/libDiagnosticMessagesClient.dylib
0x00007ff824359000 	/usr/lib/libz.1.dylib
0x00007ff82e13d000 	/System/Library/Frameworks/ApplicationServices.framework/Versions/A/ApplicationServices
0x00007ff822670000 	/System/Library/PrivateFrameworks/DFRFoundation.framework/Versions/A/DFRFoundation
0x00007ff81b9f5000 	/usr/lib/libicucore.A.dylib
0x00007ff827035000 	/System/Library/Frameworks/AudioToolbox.framework/Versions/A/AudioToolbox
0x00007ff82624c000 	/System/Library/PrivateFrameworks/DataDetectorsCore.framework/Versions/A/DataDetectorsCore
0x00007ff9221d9000 	/System/Library/PrivateFrameworks/TextInput.framework/Versions/A/TextInput
0x00007ff81e593000 	/usr/lib/libMobileGestalt.dylib
0x00007ff82237c000 	/System/Library/Frameworks/Carbon.framework/Versions/A/Frameworks/HIToolbox.framework/Versions/A/HIToolbox
0x00007ff8207b3000 	/System/Library/Frameworks/QuartzCore.framework/Versions/A/QuartzCore
0x00007ff81b69c000 	/System/Library/Frameworks/Security.framework/Versions/A/Security
0x00007ff82a3d2000 	/System/Library/Frameworks/Carbon.framework/Versions/A/Frameworks/SpeechRecognition.framework/Versions/A/SpeechRecognition
0x00007ff820b0d000 	/System/Library/PrivateFrameworks/CoreUI.framework/Versions/A/CoreUI
0x00007ff81af68000 	/System/Library/Frameworks/CoreAudio.framework/Versions/A/CoreAudio
0x00007ff820105000 	/System/Library/Frameworks/DiskArbitration.framework/Versions/A/DiskArbitration
0x00007ff825a0e000 	/System/Library/PrivateFrameworks/MultitouchSupport.framework/Versions/A/MultitouchSupport
0x00007ff81e592000 	/usr/lib/libenergytrace.dylib
0x00007ff81bff9000 	/System/Library/Frameworks/IOKit.framework/Versions/A/IOKit
0x00007ff82a7c2000 	/System/Library/Frameworks/CoreServices.framework/Versions/A/CoreServices
0x00007ff820d47000 	/System/Library/PrivateFrameworks/PerformanceAnalysis.framework/Versions/A/PerformanceAnalysis
0x00007ffa316fd000 	/System/Library/Frameworks/OpenGL.framework/Versions/A/OpenGL
0x00007ff823973000 	/System/Library/PrivateFrameworks/MobileKeyBag.framework/Versions/A/MobileKeyBag
0x00007ff8194e9000 	/usr/lib/libobjc.A.dylib
0x00007ff81f079000 	/System/Library/Frameworks/ColorSync.framework/Versions/A/ColorSync
0x00007ff8196a7000 	/System/Library/Frameworks/CoreFoundation.framework/Versions/A/CoreFoundation
0x00007ff822900000 	/System/Library/Frameworks/CoreImage.framework/Versions/A/CoreImage
0x00007ff81ad80000 	/System/Library/Frameworks/CoreText.framework/Versions/A/CoreText
0x00007ff8226b9000 	/System/Library/Frameworks/ImageIO.framework/Versions/A/ImageIO
0x00007ff82443f000 	/System/Library/PrivateFrameworks/SoftLinking.framework/Versions/A/SoftLinking
0x00007ff820df8000 	/usr/lib/libxml2.2.dylib
0x00007ff8195b3000 	/usr/lib/libc++.1.dylib
0x00007ff8246c3000 	/usr/lib/libcompression.dylib
0x00007ff826173000 	/System/Library/PrivateFrameworks/TextureIO.framework/Versions/A/TextureIO
0x00007ff824db1000 	/usr/lib/libate.dylib
0x00007ff824434000 	/usr/lib/system/libcache.dylib
0x00007ff8243f0000 	/usr/lib/system/libcommonCrypto.dylib
0x00007ff824419000 	/usr/lib/system/libcompiler_rt.dylib
0x00007ff82440f000 	/usr/lib/system/libcopyfile.dylib
0x00007ff8193e4000 	/usr/lib/system/libcorecrypto.dylib
0x00007ff8194a2000 	/usr/lib/system/libdispatch.dylib
0x00007ff819666000 	/usr/lib/system/libdyld.dylib
0x00007ff82442b000 	/usr/lib/system/libkeymgr.dylib
0x00007ff8243ce000 	/usr/lib/system/libmacho.dylib
0x00007ff823a4d000 	/usr/lib/system/libquarantine.dylib
0x00007ff824429000 	/usr/lib/system/libremovefile.dylib
0x00007ff81e5e0000 	/usr/lib/system/libsystem_asl.dylib
0x00007ff81938d000 	/usr/lib/system/libsystem_blocks.dylib
0x00007ff81952a000 	/usr/lib/system/libsystem_c.dylib
0x00007ff824421000 	/usr/lib/system/libsystem_collections.dylib
0x00007ff822cfa000 	/usr/lib/system/libsystem_configuration.dylib
0x00007ff821fa6000 	/usr/lib/system/libsystem_containermanager.dylib
0x00007ff824107000 	/usr/lib/system/libsystem_coreservices.dylib
0x00007ff81bc89000 	/usr/lib/system/libsystem_darwin.dylib
0x00007ff82442c000 	/usr/lib/system/libsystem_dnssd.dylib
0x00007ff819527000 	/usr/lib/system/libsystem_featureflags.dylib
0x00007ff81967c000 	/usr/lib/system/libsystem_info.dylib
0x00007ff82436c000 	/usr/lib/system/libsystem_m.dylib
0x00007ff819476000 	/usr/lib/system/libsystem_malloc.dylib
0x00007ff81e57b000 	/usr/lib/system/libsystem_networkextension.dylib
0x00007ff81c0af000 	/usr/lib/system/libsystem_notify.dylib
0x00007ff82a697000 	/usr/lib/system/libsystem_product_info_filter.dylib
0x00007ff822cfe000 	/usr/lib/system/libsystem_sandbox.dylib
0x00007ff824426000 	/usr/lib/system/libsystem_secinit.dylib
0x00007ff819622000 	/usr/lib/system/libsystem_kernel.dylib
0x00007ff819672000 	/usr/lib/system/libsystem_platform.dylib
0x00007ff81965a000 	/usr/lib/system/libsystem_pthread.dylib
0x00007ff81fe28000 	/usr/lib/system/libsystem_symptoms.dylib
0x00007ff8193cb000 	/usr/lib/system/libsystem_trace.dylib
0x00007ff8243fc000 	/usr/lib/system/libunwind.dylib
0x00007ff81938f000 	/usr/lib/system/libxpc.dylib
0x00007ff81960c000 	/usr/lib/libc++abi.dylib
0x00007ff824407000 	/usr/lib/liboah.dylib
0x00007ff824b8d000 	/usr/lib/liblzma.5.dylib
0x00007ff81a22c000 	/System/Library/Frameworks/SystemConfiguration.framework/Versions/A/SystemConfiguration
0x00007ff82443b000 	/usr/lib/libfakelink.dylib
0x00007ff81e0ec000 	/System/Library/Frameworks/CFNetwork.framework/Versions/A/CFNetwork
0x00007ff82457c000 	/usr/lib/libarchive.2.dylib
0x00007ff822d06000 	/System/Library/PrivateFrameworks/AppleSystemInfo.framework/Versions/A/AppleSystemInfo
0x00007ff823a74000 	/usr/lib/libbsm.0.dylib
0x00007ff81d6ff000 	/usr/lib/libnetwork.dylib
0x00007ff8243d4000 	/usr/lib/system/libkxld.dylib
0x00007ff8236a0000 	/System/Library/PrivateFrameworks/IOMobileFramebuffer.framework/Versions/A/IOMobileFramebuffer
0x00007ffb30c04000 	/usr/lib/libCoreEntitlements.dylib
0x00007ff8240e9000 	/System/Library/PrivateFrameworks/AppleFSCompression.framework/Versions/A/AppleFSCompression
0x00007ff823a5c000 	/usr/lib/libcoretls.dylib
0x00007ff824ba7000 	/usr/lib/libcoretls_cfhelpers.dylib
0x00007ff8246be000 	/usr/lib/libpam.2.dylib
0x00007ff81fa48000 	/usr/lib/libsqlite3.dylib
0x00007ff824c16000 	/usr/lib/libxar.1.dylib
0x00007ff8240f9000 	/usr/lib/libbz2.1.0.dylib
0x00007ff824440000 	/usr/lib/libpcap.A.dylib
0x00007ff81fe20000 	/usr/lib/libdns_services.dylib
0x00007ff82468e000 	/usr/lib/libapple_nghttp2.dylib
0x00007ff82447a000 	/usr/lib/libiconv.2.dylib
0x00007ff8243cd000 	/usr/lib/libcharset.1.dylib
0x00007ff820d7b000 	/System/Library/Frameworks/CoreServices.framework/Versions/A/Frameworks/FSEvents.framework/Versions/A/FSEvents
0x00007ff81bc93000 	/System/Library/Frameworks/CoreServices.framework/Versions/A/Frameworks/CarbonCore.framework/Versions/A/CarbonCore
0x00007ff820069000 	/System/Library/Frameworks/CoreServices.framework/Versions/A/Frameworks/Metadata.framework/Versions/A/Metadata
0x00007ff82410c000 	/System/Library/Frameworks/CoreServices.framework/Versions/A/Frameworks/OSServices.framework/Versions/A/OSServices
0x00007ff824603000 	/System/Library/Frameworks/CoreServices.framework/Versions/A/Frameworks/SearchKit.framework/Versions/A/SearchKit
0x00007ff81fdb3000 	/System/Library/Frameworks/CoreServices.framework/Versions/A/Frameworks/AE.framework/Versions/A/AE
0x00007ff819ba9000 	/System/Library/Frameworks/CoreServices.framework/Versions/A/Frameworks/LaunchServices.framework/Versions/A/LaunchServices
0x00007ff824b3e000 	/System/Library/Frameworks/CoreServices.framework/Versions/A/Frameworks/DictionaryServices.framework/Versions/A/DictionaryServices
0x00007ff820d88000 	/System/Library/Frameworks/CoreServices.framework/Versions/A/Frameworks/SharedFileList.framework/Versions/A/SharedFileList
0x00007ff823a50000 	/usr/lib/libCheckFix.dylib
0x00007ff81e5f7000 	/System/Library/PrivateFrameworks/TCC.framework/Versions/A/TCC
0x00007ff822d0c000 	/System/Library/PrivateFrameworks/CoreNLP.framework/Versions/A/CoreNLP
0x00007ff820019000 	/System/Library/PrivateFrameworks/MetadataUtilities.framework/Versions/A/MetadataUtilities
0x00007ff81a2dc000 	/usr/lib/libmecabra.dylib
0x00007ff823a84000 	/usr/lib/libmecab.dylib
0x00007ff81a2a7000 	/usr/lib/libCRFSuite.dylib
0x00007ff823ade000 	/usr/lib/libgermantok.dylib
0x00007ff824669000 	/usr/lib/libThaiTokenizer.dylib
0x00007ff82010c000 	/System/Library/Frameworks/Accelerate.framework/Versions/A/Frameworks/vImage.framework/Versions/A/vImage
0x00007ff82a799000 	/System/Library/Frameworks/Accelerate.framework/Versions/A/Frameworks/vecLib.framework/Versions/A/vecLib
0x00007ff824c57000 	/System/Library/Frameworks/Accelerate.framework/Versions/A/Frameworks/vecLib.framework/Versions/A/libvMisc.dylib
0x00007ff8234cb000 	/System/Library/Frameworks/Accelerate.framework/Versions/A/Frameworks/vecLib.framework/Versions/A/libvDSP.dylib
0x00007ff819f23000 	/System/Library/Frameworks/Accelerate.framework/Versions/A/Frameworks/vecLib.framework/Versions/A/libBLAS.dylib
0x00007ff8247a0000 	/System/Library/Frameworks/Accelerate.framework/Versions/A/Frameworks/vecLib.framework/Versions/A/libLAPACK.dylib
0x00007ff823ae1000 	/System/Library/Frameworks/Accelerate.framework/Versions/A/Frameworks/vecLib.framework/Versions/A/libLinearAlgebra.dylib
0x00007ff8246a6000 	/System/Library/Frameworks/Accelerate.framework/Versions/A/Frameworks/vecLib.framework/Versions/A/libSparseBLAS.dylib
0x00007ff82479a000 	/System/Library/Frameworks/Accelerate.framework/Versions/A/Frameworks/vecLib.framework/Versions/A/libQuadrature.dylib
0x00007ff822df7000 	/System/Library/Frameworks/Accelerate.framework/Versions/A/Frameworks/vecLib.framework/Versions/A/libBNNS.dylib
0x00007ff81a1bd000 	/System/Library/Frameworks/Accelerate.framework/Versions/A/Frameworks/vecLib.framework/Versions/A/libSparse.dylib
0x00007ff822df0000 	/System/Library/PrivateFrameworks/LinguisticData.framework/Versions/A/LinguisticData
0x00007ff81a173000 	/System/Library/PrivateFrameworks/Lexicon.framework/Versions/A/Lexicon
0x00007ff824c50000 	/usr/lib/libChineseTokenizer.dylib
0x00007ff81a8d5000 	/System/Library/PrivateFrameworks/LanguageModeling.framework/Versions/A/LanguageModeling
0x00007ff82466b000 	/System/Library/PrivateFrameworks/AppleSauce.framework/Versions/A/AppleSauce
0x00007ff82368e000 	/System/Library/PrivateFrameworks/CoreEmoji.framework/Versions/A/CoreEmoji
0x00007ff82456b000 	/usr/lib/libcmph.dylib
0x00007ff820d5f000 	/System/Library/Frameworks/OpenDirectory.framework/Versions/A/Frameworks/CFOpenDirectory.framework/Versions/A/CFOpenDirectory
0x00007ff820d53000 	/System/Library/Frameworks/OpenDirectory.framework/Versions/A/OpenDirectory
0x00007ff824ba9000 	/System/Library/PrivateFrameworks/APFS.framework/Versions/A/APFS
0x00007ff8239ab000 	/System/Library/Frameworks/SecurityFoundation.framework/Versions/A/SecurityFoundation
0x00007ff824c24000 	/usr/lib/libutil.dylib
0x00007ff81bfbd000 	/System/Library/PrivateFrameworks/CoreServicesStore.framework/Versions/A/CoreServicesStore
0x00007ff824c28000 	/usr/lib/libxslt.1.dylib
0x00007ff823a38000 	/System/Library/PrivateFrameworks/BackgroundTaskManagement.framework/Versions/A/BackgroundTaskManagement
0x00007ff826093000 	/System/Library/Frameworks/ImageIO.framework/Versions/A/Resources/libRadiance.dylib
0x00007ff82609c000 	/System/Library/Frameworks/ImageIO.framework/Versions/A/Resources/libJPEG.dylib
0x00007ff825fed000 	/System/Library/Frameworks/ImageIO.framework/Versions/A/Resources/libPng.dylib
0x00007ff82600e000 	/System/Library/Frameworks/ImageIO.framework/Versions/A/Resources/libTIFF.dylib
0x00007ff8260fc000 	/System/Library/Frameworks/ImageIO.framework/Versions/A/Resources/libGIF.dylib
0x00007ff825928000 	/System/Library/Frameworks/ImageIO.framework/Versions/A/Resources/libJP2.dylib
0x00007ff825066000 	/usr/lib/libexpat.1.dylib
0x00007ff8258dd000 	/System/Library/PrivateFrameworks/AppleJPEG.framework/Versions/A/AppleJPEG
0x00007ff822240000 	/System/Library/PrivateFrameworks/FontServices.framework/libFontParser.dylib
0x00007ff81fd5d000 	/System/Library/PrivateFrameworks/RunningBoardServices.framework/Versions/A/RunningBoardServices
0x00007ff830a48000 	/System/Library/PrivateFrameworks/IOSurfaceAccelerator.framework/Versions/A/IOSurfaceAccelerator
0x00007ff825a0a000 	/System/Library/PrivateFrameworks/WatchdogClient.framework/Versions/A/WatchdogClient
0x00007ff81a9c3000 	/System/Library/Frameworks/CoreDisplay.framework/Versions/A/CoreDisplay
0x00007ff82213e000 	/System/Library/Frameworks/CoreMedia.framework/Versions/A/CoreMedia
0x00007ff821fd5000 	/System/Library/PrivateFrameworks/IOAccelerator.framework/Versions/A/IOAccelerator
0x00007ff820edc000 	/System/Library/Frameworks/CoreVideo.framework/Versions/A/CoreVideo
0x00007ff8246bc000 	/System/Library/Frameworks/MetalPerformanceShaders.framework/Versions/A/MetalPerformanceShaders
0x00007ff825a47000 	/System/Library/Frameworks/VideoToolbox.framework/Versions/A/VideoToolbox
0x00007ff81fca7000 	/System/Library/PrivateFrameworks/BaseBoard.framework/Versions/A/BaseBoard
0x00007ff81fa2e000 	/System/Library/PrivateFrameworks/ProtocolBuffer.framework/Versions/A/ProtocolBuffer
0x00007ff82608c000 	/System/Library/PrivateFrameworks/GPUWrangler.framework/Versions/A/GPUWrangler
0x00007ff826070000 	/System/Library/PrivateFrameworks/IOPresentment.framework/Versions/A/IOPresentment
0x00007ff826096000 	/System/Library/PrivateFrameworks/DSExternalDisplay.framework/Versions/A/DSExternalDisplay
0x00007ffa316f1000 	/System/Library/Frameworks/OpenGL.framework/Versions/A/Libraries/libCoreFSCache.dylib
0x00007ffb1e3ad000 	/System/Library/PrivateFrameworks/GPUCompiler.framework/Versions/31001/Libraries/libGPUCompilerUtils.dylib
0x00007ff826101000 	/System/Library/PrivateFrameworks/CMCaptureCore.framework/Versions/A/CMCaptureCore
0x00007ff82560e000 	/System/Library/PrivateFrameworks/AppServerSupport.framework/Versions/A/AppServerSupport
0x00007ff8278cd000 	/System/Library/PrivateFrameworks/perfdata.framework/Versions/A/perfdata
0x00007ff81aaef000 	/System/Library/PrivateFrameworks/AudioToolboxCore.framework/Versions/A/AudioToolboxCore
0x00007ff82211c000 	/System/Library/PrivateFrameworks/caulk.framework/Versions/A/caulk
0x00007ff8271df000 	/usr/lib/libAudioStatistics.dylib
0x00007ff91e987000 	/System/Library/PrivateFrameworks/SystemPolicy.framework/Versions/A/SystemPolicy
0x00007ff82743a000 	/usr/lib/libSMC.dylib
0x00007ff830343000 	/System/Library/Frameworks/CoreMIDI.framework/Versions/A/CoreMIDI
0x00007ff825fbc000 	/usr/lib/libAudioToolboxUtility.dylib
0x00007ff91ac2a000 	/System/Library/PrivateFrameworks/OSAServicesClient.framework/Versions/A/OSAServicesClient
0x00007ff8278da000 	/usr/lib/libperfcheck.dylib
0x00007ff91f431000 	/usr/lib/libmis.dylib
0x00007ffa3174c000 	/System/Library/Frameworks/OpenGL.framework/Versions/A/Libraries/libGLU.dylib
0x00007ffa31710000 	/System/Library/Frameworks/OpenGL.framework/Versions/A/Libraries/libGFXShared.dylib
0x00007ffa31919000 	/System/Library/Frameworks/OpenGL.framework/Versions/A/Libraries/libGL.dylib
0x00007ffa31719000 	/System/Library/Frameworks/OpenGL.framework/Versions/A/Libraries/libGLImage.dylib
0x00007ffa3170d000 	/System/Library/Frameworks/OpenGL.framework/Versions/A/Libraries/libCVMSPluginSupport.dylib
0x00007ffa316f8000 	/System/Library/Frameworks/OpenGL.framework/Versions/A/Libraries/libCoreVMClient.dylib
0x00007ff822c88000 	/System/Library/Frameworks/MetalPerformanceShaders.framework/Versions/A/Frameworks/MPSCore.framework/Versions/A/MPSCore
0x00007ff824054000 	/System/Library/Frameworks/MetalPerformanceShaders.framework/Versions/A/Frameworks/MPSImage.framework/Versions/A/MPSImage
0x00007ff823af7000 	/System/Library/Frameworks/MetalPerformanceShaders.framework/Versions/A/Frameworks/MPSNeuralNetwork.framework/Versions/A/MPSNeuralNetwork
0x00007ff823f6b000 	/System/Library/Frameworks/MetalPerformanceShaders.framework/Versions/A/Frameworks/MPSMatrix.framework/Versions/A/MPSMatrix
0x00007ff823d26000 	/System/Library/Frameworks/MetalPerformanceShaders.framework/Versions/A/Frameworks/MPSRayIntersector.framework/Versions/A/MPSRayIntersector
0x00007ff823fa3000 	/System/Library/Frameworks/MetalPerformanceShaders.framework/Versions/A/Frameworks/MPSNDArray.framework/Versions/A/MPSNDArray
0x00007ffa36679000 	/System/Library/Frameworks/MetalPerformanceShaders.framework/Versions/A/Frameworks/MPSFunctions.framework/Versions/A/MPSFunctions
0x00007ff819e00000 	/System/Library/PrivateFrameworks/MetalTools.framework/Versions/A/MetalTools
0x00007ff822d04000 	/System/Library/PrivateFrameworks/AggregateDictionary.framework/Versions/A/AggregateDictionary
0x00007ff824e48000 	/usr/lib/libIOReport.dylib
0x00007ffa32d28000 	/System/Library/Frameworks/OpenCL.framework/Versions/A/OpenCL
0x00007ff8251ac000 	/System/Library/PrivateFrameworks/FaceCore.framework/Versions/A/FaceCore
0x00007ff82519d000 	/System/Library/PrivateFrameworks/GraphVisualizer.framework/Versions/A/GraphVisualizer
0x00007ffb1e2b8000 	/System/Library/PrivateFrameworks/FontServices.framework/Versions/A/FontServices
0x00007ff8255c6000 	/System/Library/PrivateFrameworks/OTSVG.framework/Versions/A/OTSVG
0x00007ff820ac3000 	/System/Library/Frameworks/ApplicationServices.framework/Versions/A/Frameworks/ATS.framework/Versions/A/Resources/libFontRegistry.dylib
0x00007ff825616000 	/System/Library/PrivateFrameworks/FontServices.framework/libhvf.dylib
0x00007ffb1e2b9000 	/System/Library/PrivateFrameworks/FontServices.framework/libXTFontStaticRegistryData.dylib
0x00007ff825016000 	/System/Library/PrivateFrameworks/AppleVA.framework/Versions/A/AppleVA
0x00007ff8271ff000 	/System/Library/Frameworks/ApplicationServices.framework/Versions/A/Frameworks/ATS.framework/Versions/A/ATS
0x00007ff81f175000 	/System/Library/Frameworks/ApplicationServices.framework/Versions/A/Frameworks/HIServices.framework/Versions/A/HIServices
0x00007ff82610b000 	/System/Library/Frameworks/ApplicationServices.framework/Versions/A/Frameworks/PrintCore.framework/Versions/A/PrintCore
0x00007ff82758d000 	/System/Library/Frameworks/ApplicationServices.framework/Versions/A/Frameworks/QD.framework/Versions/A/QD
0x00007ff827585000 	/System/Library/Frameworks/ApplicationServices.framework/Versions/A/Frameworks/ColorSyncLegacy.framework/Versions/A/ColorSyncLegacy
0x00007ff8271ef000 	/System/Library/Frameworks/ApplicationServices.framework/Versions/A/Frameworks/SpeechSynthesis.framework/Versions/A/SpeechSynthesis
0x00007ff8260cc000 	/System/Library/Frameworks/ApplicationServices.framework/Versions/A/Frameworks/ATSUI.framework/Versions/A/ATSUI
0x00007ff82751a000 	/usr/lib/libcups.2.dylib
0x00007ff8278e9000 	/System/Library/Frameworks/Kerberos.framework/Versions/A/Kerberos
0x00007ff8278f8000 	/System/Library/Frameworks/GSS.framework/Versions/A/GSS
0x00007ff82726b000 	/usr/lib/libresolv.9.dylib
0x00007ff825625000 	/System/Library/PrivateFrameworks/Heimdal.framework/Versions/A/Heimdal
0x00007ff82e4c5000 	/System/Library/Frameworks/Kerberos.framework/Versions/A/Libraries/libHeimdalProxy.dylib
0x00007ff81fe30000 	/System/Library/Frameworks/Network.framework/Versions/A/Network
0x00007ff825080000 	/usr/lib/libheimdal-asn1.dylib
0x00007ff827943000 	/System/Library/PrivateFrameworks/CommonAuth.framework/Versions/A/CommonAuth
0x00007ff827171000 	/System/Library/PrivateFrameworks/AudioSession.framework/Versions/A/AudioSession
0x00007ff825110000 	/System/Library/PrivateFrameworks/MediaExperience.framework/Versions/A/MediaExperience
0x00007ff827004000 	/System/Library/PrivateFrameworks/AudioSession.framework/libSessionUtility.dylib
0x00007ff827599000 	/System/Library/PrivateFrameworks/AudioResourceArbitration.framework/Versions/A/AudioResourceArbitration
0x00007ff82b60c000 	/System/Library/PrivateFrameworks/PowerLog.framework/Versions/A/PowerLog
0x00007ff825089000 	/System/Library/PrivateFrameworks/IconFoundation.framework/Versions/A/IconFoundation
0x00007ff82a3c2000 	/System/Library/PrivateFrameworks/SpeechRecognitionCore.framework/Versions/A/SpeechRecognitionCore
0x000000010c6b6000 	/Library/Java/JavaVirtualMachines/temurin-11.jdk/Contents/Home/lib/server/libjvm.dylib
0x000000010b91e000 	/Library/Java/JavaVirtualMachines/temurin-11.jdk/Contents/Home/lib/libverify.dylib
0x000000010b95b000 	/Library/Java/JavaVirtualMachines/temurin-11.jdk/Contents/Home/lib/libjava.dylib
0x000000010b92f000 	/Library/Java/JavaVirtualMachines/temurin-11.jdk/Contents/Home/lib/libjimage.dylib
0x000000010b948000 	/Library/Java/JavaVirtualMachines/temurin-11.jdk/Contents/Home/lib/libzip.dylib
0x000000010c401000 	/Library/Java/JavaVirtualMachines/temurin-11.jdk/Contents/Home/lib/libnio.dylib
0x000000010c42d000 	/Library/Java/JavaVirtualMachines/temurin-11.jdk/Contents/Home/lib/libnet.dylib
0x000000010c414000 	/Users/francescopriola/.openjfx/cache/11/libprism_es2.dylib
0x00007ff81bf7f000 	/System/Library/PrivateFrameworks/CoreServicesInternal.framework/Versions/A/CoreServicesInternal
0x00007ffa31924000 	/System/Library/Frameworks/OpenGL.framework/Versions/A/Resources/GLEngine.bundle/GLEngine
0x00007ffa3178a000 	/System/Library/Frameworks/OpenGL.framework/Versions/A/Libraries/libGLProgrammability.dylib
0x00007ffa267a5000 	/System/Library/Extensions/AppleIntelKBLGraphicsGLDriver.bundle/Contents/MacOS/AppleIntelKBLGraphicsGLDriver
0x00007ff92956b000 	/System/Library/PrivateFrameworks/GPUSupport.framework/Versions/A/Libraries/libGPUSupportMercury.dylib
0x00007ffa31aae000 	/System/Library/Frameworks/OpenGL.framework/Versions/A/Resources/GLRendererFloat.bundle/GLRendererFloat
0x0000000112303000 	/Users/francescopriola/.openjfx/cache/11/libglass.dylib
0x00007ff82bbfd000 	/System/Library/Frameworks/FileProvider.framework/Versions/A/FileProvider
0x00007ff81fc14000 	/System/Library/Frameworks/Accounts.framework/Versions/A/Accounts
0x00007ff82bd76000 	/System/Library/PrivateFrameworks/GenerationalStorage.framework/Versions/A/GenerationalStorage
0x00007ff82c889000 	/System/Library/PrivateFrameworks/CoreSymbolication.framework/Versions/A/CoreSymbolication
0x00007ff82b601000 	/System/Library/PrivateFrameworks/SymptomDiagnosticReporter.framework/Versions/A/SymptomDiagnosticReporter
0x00007ff81d23d000 	/System/Library/PrivateFrameworks/DesktopServicesPriv.framework/Versions/A/DesktopServicesPriv
0x00007ff81c0be000 	/usr/lib/libsandbox.1.dylib
0x00007ff820f5b000 	/System/Library/PrivateFrameworks/UserManagement.framework/Versions/A/UserManagement
0x00007ff82c84e000 	/System/Library/PrivateFrameworks/DebugSymbols.framework/Versions/A/DebugSymbols
0x00007ff82757a000 	/System/Library/PrivateFrameworks/NetAuth.framework/Versions/A/NetAuth
0x00007ff828487000 	/System/Library/PrivateFrameworks/Sharing.framework/Versions/A/Sharing
0x00007ff820f2e000 	/System/Library/PrivateFrameworks/login.framework/Versions/A/Frameworks/loginsupport.framework/Versions/A/loginsupport
0x00007ff82d9ec000 	/System/Library/PrivateFrameworks/Apple80211.framework/Versions/A/Apple80211
0x00007ff824139000 	/System/Library/PrivateFrameworks/AuthKit.framework/Versions/A/AuthKit
0x00007ff823784000 	/System/Library/PrivateFrameworks/CoreUtils.framework/Versions/A/CoreUtils
0x00007ff8236ab000 	/System/Library/Frameworks/CoreWLAN.framework/Versions/A/CoreWLAN
0x00007ff8285e6000 	/System/Library/Frameworks/IOBluetooth.framework/Versions/A/IOBluetooth
0x00007ff82da54000 	/System/Library/PrivateFrameworks/CoreWiFi.framework/Versions/A/CoreWiFi
0x00007ff82c420000 	/System/Library/PrivateFrameworks/FrontBoardServices.framework/Versions/A/FrontBoardServices
0x00007ff82c4b1000 	/System/Library/PrivateFrameworks/BoardServices.framework/Versions/A/BoardServices
0x00007ff82399a000 	/System/Library/PrivateFrameworks/AssertionServices.framework/Versions/A/AssertionServices
0x00007ff82dbd7000 	/System/Library/PrivateFrameworks/BackBoardServices.framework/Versions/A/BackBoardServices
0x00007ff8279d4000 	/System/Library/PrivateFrameworks/CorePhoneNumbers.framework/Versions/A/CorePhoneNumbers
0x00007ff82b71e000 	/System/Library/PrivateFrameworks/DiskManagement.framework/Versions/A/DiskManagement
0x00007ff82b632000 	/System/Library/PrivateFrameworks/AppleIDAuthSupport.framework/Versions/A/AppleIDAuthSupport
0x00007ffa38c3a000 	/System/Library/PrivateFrameworks/AAAFoundation.framework/Versions/A/AAAFoundation
0x00007ff8279b5000 	/System/Library/PrivateFrameworks/KeychainCircle.framework/Versions/A/KeychainCircle
0x00007ff82b6ea000 	/System/Library/PrivateFrameworks/MediaKit.framework/Versions/A/MediaKit
0x00007ff82b63e000 	/System/Library/Frameworks/DiscRecording.framework/Versions/A/DiscRecording
0x00007ff824f8e000 	/usr/lib/libCoreStorage.dylib
0x00007ff82dec5000 	/usr/lib/libcsfde.dylib
0x00007ff8286b3000 	/System/Library/PrivateFrameworks/ProtectedCloudStorage.framework/Versions/A/ProtectedCloudStorage
0x00007ff82dec1000 	/System/Library/PrivateFrameworks/EFILogin.framework/Versions/A/EFILogin
0x00007ff82bd9c000 	/System/Library/PrivateFrameworks/OctagonTrust.framework/Versions/A/OctagonTrust
0x00007ffb1d527000 	/System/Library/PrivateFrameworks/CoreUtilsExtras.framework/Versions/A/CoreUtilsExtras
0x00007ff82b565000 	/System/Library/Frameworks/CoreBluetooth.framework/Versions/A/CoreBluetooth
0x00007ff82e54a000 	/System/Library/Frameworks/AudioUnit.framework/Versions/A/AudioUnit
0x00007ff824f86000 	/usr/lib/libMatch.1.dylib
0x00007ff923a0a000 	/System/Library/Frameworks/Accelerate.framework/Versions/A/Frameworks/vImage.framework/Versions/A/Libraries/libCGInterfaces.dylib
0x0000000112523000 	/usr/lib/libobjc-trampolines.dylib
0x00007ff820c53000 	/System/Library/PrivateFrameworks/ViewBridge.framework/Versions/A/ViewBridge
0x00007ffb30d13000 	/usr/lib/libRosetta.dylib
0x00000001328c0000 	/Users/francescopriola/.openjfx/cache/11/libjavafx_font.dylib
0x0000000132ed6000 	/Library/Java/JavaVirtualMachines/temurin-11.jdk/Contents/Home/lib/libextnet.dylib
0x00007ff8256dc000 	/System/Library/PrivateFrameworks/login.framework/Versions/A/login
0x00007ff82aade000 	/System/Library/PrivateFrameworks/SystemAdministration.framework/Versions/A/SystemAdministration
0x00007ff826335000 	/System/Library/Frameworks/MediaToolbox.framework/Versions/A/MediaToolbox
0x00007ff82a38e000 	/System/Library/Frameworks/DirectoryService.framework/Versions/A/DirectoryService
0x00007ff82dd63000 	/System/Library/PrivateFrameworks/DiskImages.framework/Versions/A/DiskImages
0x00007ff823a42000 	/System/Library/Frameworks/ServiceManagement.framework/Versions/A/ServiceManagement
0x00007ff82df3f000 	/System/Library/PrivateFrameworks/LoginUIKit.framework/Versions/A/Frameworks/LoginUICore.framework/Versions/A/LoginUICore
0x00007ff825885000 	/usr/lib/libodfde.dylib
0x00007ff82bbcd000 	/System/Library/PrivateFrameworks/CoreAVCHD.framework/Versions/A/CoreAVCHD
0x00007ff82aaa2000 	/System/Library/Frameworks/MediaAccessibility.framework/Versions/A/MediaAccessibility
0x00007ff82bbc9000 	/System/Library/PrivateFrameworks/Mangrove.framework/Versions/A/Mangrove
0x00007ff82aaad000 	/System/Library/PrivateFrameworks/AlgosScoreFramework.framework/Versions/A/AlgosScoreFramework
0x00007ffb1a821000 	/System/Library/PrivateFrameworks/CMPhoto.framework/Versions/A/CMPhoto
0x00007ff82c724000 	/System/Library/PrivateFrameworks/AppleVPA.framework/Versions/A/AppleVPA
0x00007ff82b80e000 	/System/Library/PrivateFrameworks/CoreAUC.framework/Versions/A/CoreAUC
0x00007ff82ded1000 	/usr/lib/libcurl.4.dylib
0x00007ffb3117f000 	/usr/lib/libcrypto.46.dylib
0x00007ffb31670000 	/usr/lib/libssl.48.dylib
0x00007ff82dbf5000 	/System/Library/Frameworks/LDAP.framework/Versions/A/LDAP
0x00007ff82dc2d000 	/System/Library/PrivateFrameworks/TrustEvaluationAgent.framework/Versions/A/TrustEvaluationAgent
0x00007ff827284000 	/usr/lib/libsasl2.2.dylib
0x00007ff82aad2000 	/System/Library/PrivateFrameworks/CoreDaemon.framework/Versions/B/CoreDaemon
0x00007ff82aacd000 	/System/Library/PrivateFrameworks/AppleSRP.framework/Versions/A/AppleSRP


VM Arguments:
jvm_args: -Dfile.encoding=UTF-8 
java_command: it.polito.tdp.borders.Main
java_class_path (initial): /Users/francescopriola/git/Lab09/target/classes:/Users/francescopriola/.m2/repository/org/openjfx/javafx-controls/11/javafx-controls-11.jar:/Users/francescopriola/.m2/repository/org/openjfx/javafx-controls/11/javafx-controls-11-mac.jar:/Users/francescopriola/.m2/repository/org/openjfx/javafx-graphics/11/javafx-graphics-11.jar:/Users/francescopriola/.m2/repository/org/openjfx/javafx-graphics/11/javafx-graphics-11-mac.jar:/Users/francescopriola/.m2/repository/org/openjfx/javafx-base/11/javafx-base-11.jar:/Users/francescopriola/.m2/repository/org/openjfx/javafx-base/11/javafx-base-11-mac.jar:/Users/francescopriola/.m2/repository/org/openjfx/javafx-fxml/11/javafx-fxml-11.jar:/Users/francescopriola/.m2/repository/org/openjfx/javafx-fxml/11/javafx-fxml-11-mac.jar:/Users/francescopriola/.m2/repository/com/zaxxer/HikariCP/3.4.2/HikariCP-3.4.2.jar:/Users/francescopriola/.m2/repository/org/jgrapht/jgrapht-core/1.5.1/jgrapht-core-1.5.1.jar:/Users/francescopriola/.m2/repository/org/jheaps/jheaps/0.13/jheaps-0.13.jar:/Users/francescopriola/.m2/repository/org/mariadb/jdbc/mariadb-java-client/2.5.4/mariadb-java-client-2.5.4.jar:/Users/francescopriola/.m2/repository/org/slf4j/slf4j-api/1.7.30/slf4j-api-1.7.30.jar:/Users/francescopriola/.m2/repository/org/slf4j/slf4j-simple/1.7.30/slf4j-simple-1.7.30.jar
Launcher Type: SUN_STANDARD

[Global flags]
     intx CICompilerCount                          = 3                                         {product} {ergonomic}
     uint ConcGCThreads                            = 1                                         {product} {ergonomic}
     uint G1ConcRefinementThreads                  = 4                                         {product} {ergonomic}
   size_t G1HeapRegionSize                         = 1048576                                   {product} {ergonomic}
    uintx GCDrainStackTargetSize                   = 64                                        {product} {ergonomic}
   size_t InitialHeapSize                          = 134217728                                 {product} {ergonomic}
   size_t MarkStackSize                            = 4194304                                   {product} {ergonomic}
   size_t MaxHeapSize                              = 2147483648                                {product} {ergonomic}
   size_t MaxNewSize                               = 1287651328                                {product} {ergonomic}
   size_t MinHeapDeltaBytes                        = 1048576                                   {product} {ergonomic}
    uintx NonNMethodCodeHeapSize                   = 5830732                                {pd product} {ergonomic}
    uintx NonProfiledCodeHeapSize                  = 122913754                              {pd product} {ergonomic}
    uintx ProfiledCodeHeapSize                     = 122913754                              {pd product} {ergonomic}
    uintx ReservedCodeCacheSize                    = 251658240                              {pd product} {ergonomic}
     bool SegmentedCodeCache                       = true                                      {product} {ergonomic}
     bool UseCompressedClassPointers               = true                                 {lp64_product} {ergonomic}
     bool UseCompressedOops                        = true                                 {lp64_product} {ergonomic}
     bool UseG1GC                                  = true                                      {product} {ergonomic}

Logging:
Log output configuration:
 #0: stdout all=warning uptime,level,tags
 #1: stderr all=off uptime,level,tags

Environment Variables:
PATH=/usr/bin:/bin:/usr/sbin:/sbin
SHELL=/bin/zsh

Signal Handlers:
SIGSEGV: [libjvm.dylib+0x7c69d4], sa_mask[0]=11111111011111110111111111111111, sa_flags=SA_ONSTACK|SA_RESTART|SA_SIGINFO
SIGBUS: [libjvm.dylib+0x7c69d4], sa_mask[0]=11111111011111110111111111111111, sa_flags=SA_RESTART|SA_SIGINFO
SIGFPE: [libjvm.dylib+0x7c69d4], sa_mask[0]=11111111011111110111111111111111, sa_flags=SA_RESTART|SA_SIGINFO
SIGPIPE: [libjvm.dylib+0x62b2ae], sa_mask[0]=11111111011111110111111111111111, sa_flags=SA_RESTART|SA_SIGINFO
SIGXFSZ: [libjvm.dylib+0x62b2ae], sa_mask[0]=11111111011111110111111111111111, sa_flags=SA_RESTART|SA_SIGINFO
SIGILL: [libjvm.dylib+0x7c69d4], sa_mask[0]=11111111011111110111111111111111, sa_flags=SA_RESTART|SA_SIGINFO
SIGUSR2: [libjvm.dylib+0x62b895], sa_mask[0]=00100000000000000000000000000000, sa_flags=SA_RESTART|SA_SIGINFO
SIGHUP: [libjvm.dylib+0x62a477], sa_mask[0]=11111111011111110111111111111111, sa_flags=SA_RESTART|SA_SIGINFO
SIGINT: [libjvm.dylib+0x62a477], sa_mask[0]=11111111011111110111111111111111, sa_flags=SA_RESTART|SA_SIGINFO
SIGTERM: [libjvm.dylib+0x62a477], sa_mask[0]=11111111011111110111111111111111, sa_flags=SA_RESTART|SA_SIGINFO
SIGQUIT: [libjvm.dylib+0x62a477], sa_mask[0]=11111111011111110111111111111111, sa_flags=SA_RESTART|SA_SIGINFO


---------------  S Y S T E M  ---------------

OS:uname:Darwin 21.4.0 Darwin Kernel Version 21.4.0: Fri Mar 18 00:45:05 PDT 2022; root:xnu-8020.101.4~15/RELEASE_X86_64 x86_64
OS uptime: 0 days 3:31 hours
rlimit (soft/hard): STACK 8192k/65532k , CORE 0k/infinity , NPROC 1392/2088 , NOFILE 10240/infinity , AS infinity/infinity , CPU infinity/infinity , DATA infinity/infinity , FSIZE infinity/infinity , MEMLOCK infinity/infinity , RSS infinity/infinity
load average:5.85 4.37 4.12

CPU:total 4 (initial active 4) (2 cores per cpu, 2 threads per core) family 6 model 142 stepping 9 microcode 0xec, cmov, cx8, fxsr, mmx, sse, sse2, sse3, ssse3, sse4.1, sse4.2, popcnt, avx, avx2, aes, clmul, erms, rtm, 3dnowpref, lzcnt, ht, tsc, tscinvbit, bmi1, bmi2, adx, fma

Memory: 4k page, physical 8388608k(295136k free), swap 1048576k(986112k free)

vm_info: OpenJDK 64-Bit Server VM (11.0.14.1+1) for bsd-amd64 JRE (11.0.14.1+1), built on Feb  8 2022 17:43:13 by "jenkins" with clang 4.2.1 Compatible Apple LLVM 10.0.1 (clang-1001.0.46.4)

END.
